  sceneManager.cpp
C:\Users\k_mce\Documents\Uni\3rd Year\ProjectClass\GameTechProject2020\GameTechProject\sceneManager.cpp(136,15): warning C4305: '+=': truncation from 'double' to 'T'
          with
          [
              T=float
          ]
C:\Users\k_mce\Documents\Uni\3rd Year\ProjectClass\GameTechProject2020\GameTechProject\sceneManager.cpp(140,15): warning C4305: '-=': truncation from 'double' to 'T'
          with
          [
              T=float
          ]
C:\Users\k_mce\Documents\Uni\3rd Year\ProjectClass\GameTechProject2020\GameTechProject\sceneManager.cpp(179,28): warning C4305: '+=': truncation from 'double' to 'T'
          with
          [
              T=float
          ]
C:\Users\k_mce\Documents\Uni\3rd Year\ProjectClass\GameTechProject2020\GameTechProject\sceneManager.cpp(184,28): warning C4305: '-=': truncation from 'double' to 'T'
          with
          [
              T=float
          ]
C:\Users\k_mce\Documents\Uni\3rd Year\ProjectClass\GameTechProject2020\GameTechProject\sceneManager.cpp(335,20): warning C4018: '<': signed/unsigned mismatch
  GameTechProject.vcxproj -> C:\Users\k_mce\Documents\Uni\3rd Year\ProjectClass\GameTechProject2020\Debug\GameTechProject.exe
