c:\users\umar\desktop\gametechproject\gametechproject\debug\vc142.pdb
c:\users\umar\desktop\gametechproject\gametechproject\debug\vc142.idb
c:\users\umar\desktop\gametechproject\gametechproject\debug\wallmanager.obj
c:\users\umar\desktop\gametechproject\gametechproject\debug\rt3dobjloader.obj
c:\users\umar\desktop\gametechproject\gametechproject\debug\rt3d.obj
c:\users\umar\desktop\gametechproject\gametechproject\debug\main.obj
c:\users\umar\desktop\gametechproject\gametechproject\debug\inputmanager.obj
c:\users\umar\desktop\gametechproject\gametechproject\debug\soundmanager.obj
c:\users\umar\desktop\gametechproject\gametechproject\debug\wall.obj
c:\users\umar\desktop\gametechproject\debug\gametechproject.exe
c:\users\umar\desktop\gametechproject\debug\gametechproject.ilk
c:\users\umar\desktop\gametechproject\debug\gametechproject.pdb
c:\users\k_mce\documents\uni\3rd year\projectclass\gametechproject2020\gametechproject\debug\inputmanager.obj
c:\users\k_mce\documents\uni\3rd year\projectclass\gametechproject2020\gametechproject\debug\main.obj
c:\users\k_mce\documents\uni\3rd year\projectclass\gametechproject2020\gametechproject\debug\rt3d.obj
c:\users\k_mce\documents\uni\3rd year\projectclass\gametechproject2020\gametechproject\debug\rt3dobjloader.obj
c:\users\k_mce\documents\uni\3rd year\projectclass\gametechproject2020\gametechproject\debug\soundmanager.obj
c:\users\k_mce\documents\uni\3rd year\projectclass\gametechproject2020\gametechproject\debug\wall.obj
c:\users\k_mce\documents\uni\3rd year\projectclass\gametechproject2020\gametechproject\debug\wallmanager.obj
c:\users\k_mce\documents\uni\3rd year\projectclass\gametechproject2020\gametechproject\debug\vc142.idb
c:\users\k_mce\documents\uni\3rd year\projectclass\gametechproject2020\gametechproject\debug\vc142.pdb
c:\users\k_mce\documents\uni\3rd year\projectclass\gametechproject2020\debug\gametechproject.pdb
c:\users\k_mce\documents\uni\3rd year\projectclass\gametechproject2020\debug\gametechproject.exe
c:\users\k_mce\documents\uni\3rd year\projectclass\gametechproject2020\debug\gametechproject.ilk
c:\users\k_mce\documents\uni\3rd year\projectclass\gametechproject2020\gametechproject\debug\gametechproject.tlog\cl.command.1.tlog
c:\users\k_mce\documents\uni\3rd year\projectclass\gametechproject2020\gametechproject\debug\gametechproject.tlog\cl.read.1.tlog
c:\users\k_mce\documents\uni\3rd year\projectclass\gametechproject2020\gametechproject\debug\gametechproject.tlog\cl.write.1.tlog
c:\users\k_mce\documents\uni\3rd year\projectclass\gametechproject2020\gametechproject\debug\gametechproject.tlog\link.command.1.tlog
c:\users\k_mce\documents\uni\3rd year\projectclass\gametechproject2020\gametechproject\debug\gametechproject.tlog\link.read.1.tlog
c:\users\k_mce\documents\uni\3rd year\projectclass\gametechproject2020\gametechproject\debug\gametechproject.tlog\link.write.1.tlog
